<?xml version="1.0" encoding="UTF-8"?>
<!-- Generated by org.testng.reporters.JUnitXMLReporter -->
<testsuite hostname="INSPIRON7560" ignored="0" name="Command line test" tests="38" failures="0" timestamp="2020-11-05T02:50:11 IST" time="186.452" errors="0">
  <testcase name="selectLogin" time="12.302" classname="com.cognizant.AppTest"/>
  <testcase name="selectContinueWithGoogle" time="4.595" classname="com.cognizant.AppTest"/>
  <testcase name="setEmail" time="15.812" classname="com.cognizant.AppTest"/>
  <testcase name="selectNext1" time="4.756" classname="com.cognizant.AppTest"/>
  <testcase name="setPassword" time="8.697" classname="com.cognizant.AppTest"/>
  <testcase name="selectNext2" time="6.318" classname="com.cognizant.AppTest"/>
  <testcase name="newBikes" time="10.985" classname="com.cognizant.AppTest"/>
  <testcase name="hondaBikes" time="8.213" classname="com.cognizant.AppTest"/>
  <testcase name="selectDetails" time="2.563" classname="com.cognizant.AppTest"/>
  <testcase name="usedC" time="58.744" classname="com.cognizant.AppTest"/>
  <testcase name="sortCar1" time="0.0" classname="com.cognizant.AppTest"/>
  <testcase name="sortCar2" time="0.0" classname="com.cognizant.AppTest"/>
  <testcase name="sortCar3" time="0.0" classname="com.cognizant.AppTest"/>
  <testcase name="sortCar4" time="0.0" classname="com.cognizant.AppTest"/>
  <testcase name="sortCar5" time="0.0" classname="com.cognizant.AppTest"/>
  <testcase name="sortCar6" time="0.0" classname="com.cognizant.AppTest"/>
  <testcase name="sortCar7" time="0.0" classname="com.cognizant.AppTest"/>
  <testcase name="sortCar8" time="0.0" classname="com.cognizant.AppTest"/>
  <testcase name="sortCar9" time="0.0" classname="com.cognizant.AppTest"/>
  <testcase name="sortCar10" time="0.0" classname="com.cognizant.AppTest"/>
  <testcase name="sortCar11" time="0.001" classname="com.cognizant.AppTest"/>
  <testcase name="sortCar12" time="0.0" classname="com.cognizant.AppTest"/>
  <testcase name="sortCar13" time="0.0" classname="com.cognizant.AppTest"/>
  <testcase name="sortCar14" time="0.001" classname="com.cognizant.AppTest"/>
  <testcase name="sortCar15" time="0.0" classname="com.cognizant.AppTest"/>
  <testcase name="sortCar16" time="0.0" classname="com.cognizant.AppTest"/>
  <testcase name="sortCar17" time="0.0" classname="com.cognizant.AppTest"/>
  <testcase name="sortCar18" time="0.0" classname="com.cognizant.AppTest"/>
  <testcase name="sortCar19" time="0.0" classname="com.cognizant.AppTest"/>
  <testcase name="sortCar20" time="0.001" classname="com.cognizant.AppTest"/>
  <testcase name="sortCar21" time="0.0" classname="com.cognizant.AppTest"/>
  <testcase name="sortCar22" time="0.0" classname="com.cognizant.AppTest"/>
  <testcase name="sortCar23" time="0.001" classname="com.cognizant.AppTest"/>
  <testcase name="sortCar24" time="0.0" classname="com.cognizant.AppTest"/>
  <testcase name="sortCar25" time="0.0" classname="com.cognizant.AppTest"/>
  <testcase name="sortCar26" time="0.0" classname="com.cognizant.AppTest"/>
  <testcase name="outputFromExcel1" time="0.41" classname="com.cognizant.AppTest"/>
  <testcase name="outputFromExcel2" time="0.468" classname="com.cognizant.AppTest"/>
</testsuite> <!-- Command line test -->
