<?xml version="1.0" encoding="UTF-8"?>
<!-- Generated by org.testng.reporters.JUnitXMLReporter -->
<testsuite ignored="0" hostname="DESKTOP-VLKGLLJ" failures="0" tests="38" name="Default test" time="106.533" errors="0" timestamp="2020-11-04T15:27:01 IST">
  <testcase classname="com.cognizant.LoginSignUp11" name="selectLogin" time="2.985"/>
  <testcase classname="com.cognizant.LoginSignUp11" name="selectContinueWithGoogle" time="4.036"/>
  <testcase classname="com.cognizant.LoginSignUp11" name="setEmail" time="8.566"/>
  <testcase classname="com.cognizant.LoginSignUp11" name="selectNext1" time="0.621"/>
  <testcase classname="com.cognizant.LoginSignUp11" name="setPassword" time="6.504"/>
  <testcase classname="com.cognizant.LoginSignUp11" name="selectNext2" time="0.608"/>
  <testcase classname="com.cognizant.LoginSignUp11" name="newBikes" time="9.984"/>
  <testcase classname="com.cognizant.LoginSignUp11" name="hondaBikes" time="7.513"/>
  <testcase classname="com.cognizant.LoginSignUp11" name="selectDetails" time="1.309"/>
  <testcase classname="com.cognizant.LoginSignUp11" name="usedC" time="55.192"/>
  <testcase classname="com.cognizant.LoginSignUp11" name="sortCar1" time="0.0"/>
  <testcase classname="com.cognizant.LoginSignUp11" name="sortCar2" time="0.001"/>
  <testcase classname="com.cognizant.LoginSignUp11" name="sortCar3" time="0.001"/>
  <testcase classname="com.cognizant.LoginSignUp11" name="sortCar4" time="0.0"/>
  <testcase classname="com.cognizant.LoginSignUp11" name="sortCar5" time="0.0"/>
  <testcase classname="com.cognizant.LoginSignUp11" name="sortCar6" time="0.001"/>
  <testcase classname="com.cognizant.LoginSignUp11" name="sortCar7" time="0.001"/>
  <testcase classname="com.cognizant.LoginSignUp11" name="sortCar8" time="0.001"/>
  <testcase classname="com.cognizant.LoginSignUp11" name="sortCar9" time="0.0"/>
  <testcase classname="com.cognizant.LoginSignUp11" name="sortCar10" time="0.0"/>
  <testcase classname="com.cognizant.LoginSignUp11" name="sortCar11" time="0.0"/>
  <testcase classname="com.cognizant.LoginSignUp11" name="sortCar12" time="0.0"/>
  <testcase classname="com.cognizant.LoginSignUp11" name="sortCar13" time="0.0"/>
  <testcase classname="com.cognizant.LoginSignUp11" name="sortCar14" time="0.0"/>
  <testcase classname="com.cognizant.LoginSignUp11" name="sortCar15" time="0.001"/>
  <testcase classname="com.cognizant.LoginSignUp11" name="sortCar16" time="0.0"/>
  <testcase classname="com.cognizant.LoginSignUp11" name="sortCar17" time="0.0"/>
  <testcase classname="com.cognizant.LoginSignUp11" name="sortCar18" time="0.0"/>
  <testcase classname="com.cognizant.LoginSignUp11" name="sortCar19" time="0.0"/>
  <testcase classname="com.cognizant.LoginSignUp11" name="sortCar20" time="0.001"/>
  <testcase classname="com.cognizant.LoginSignUp11" name="sortCar21" time="0.001"/>
  <testcase classname="com.cognizant.LoginSignUp11" name="sortCar22" time="0.001"/>
  <testcase classname="com.cognizant.LoginSignUp11" name="sortCar23" time="0.001"/>
  <testcase classname="com.cognizant.LoginSignUp11" name="sortCar24" time="0.001"/>
  <testcase classname="com.cognizant.LoginSignUp11" name="sortCar25" time="0.001"/>
  <testcase classname="com.cognizant.LoginSignUp11" name="sortCar26" time="0.0"/>
  <testcase classname="com.cognizant.LoginSignUp11" name="outputFromExcel1" time="0.355"/>
  <testcase classname="com.cognizant.LoginSignUp11" name="outputFromExcel2" time="0.359"/>
</testsuite> <!-- Default test -->
