<?xml version="1.0" encoding="UTF-8" ?>
<testsuite tests="38" failures="0" name="com.cognizant.AppTest" time="133.873" errors="0" skipped="0">
  <properties>
[...]
</properties>
  <testcase classname="com.cognizant.AppTest" name="selectLogin" time="12.304"/>
  <testcase classname="com.cognizant.AppTest" name="selectContinueWithGoogle" time="4.594"/>
  <testcase classname="com.cognizant.AppTest" name="setEmail" time="15.812"/>
  <testcase classname="com.cognizant.AppTest" name="selectNext1" time="4.757"/>
  <testcase classname="com.cognizant.AppTest" name="setPassword" time="8.698"/>
  <testcase classname="com.cognizant.AppTest" name="selectNext2" time="6.318"/>
  <testcase classname="com.cognizant.AppTest" name="newBikes" time="10.984"/>
  <testcase classname="com.cognizant.AppTest" name="hondaBikes" time="8.213"/>
  <testcase classname="com.cognizant.AppTest" name="selectDetails" time="2.563"/>
  <testcase classname="com.cognizant.AppTest" name="usedC" time="58.744"/>
  <testcase classname="com.cognizant.AppTest" name="sortCar1" time="0"/>
  <testcase classname="com.cognizant.AppTest" name="sortCar2" time="0"/>
  <testcase classname="com.cognizant.AppTest" name="sortCar3" time="0"/>
  <testcase classname="com.cognizant.AppTest" name="sortCar4" time="0"/>
  <testcase classname="com.cognizant.AppTest" name="sortCar5" time="0"/>
  <testcase classname="com.cognizant.AppTest" name="sortCar6" time="0"/>
  <testcase classname="com.cognizant.AppTest" name="sortCar7" time="0"/>
  <testcase classname="com.cognizant.AppTest" name="sortCar8" time="0"/>
  <testcase classname="com.cognizant.AppTest" name="sortCar9" time="0.001"/>
  <testcase classname="com.cognizant.AppTest" name="sortCar10" time="0"/>
  <testcase classname="com.cognizant.AppTest" name="sortCar11" time="0"/>
  <testcase classname="com.cognizant.AppTest" name="sortCar12" time="0.001"/>
  <testcase classname="com.cognizant.AppTest" name="sortCar13" time="0"/>
  <testcase classname="com.cognizant.AppTest" name="sortCar14" time="0"/>
  <testcase classname="com.cognizant.AppTest" name="sortCar15" time="0"/>
  <testcase classname="com.cognizant.AppTest" name="sortCar16" time="0.001"/>
  <testcase classname="com.cognizant.AppTest" name="sortCar17" time="0"/>
  <testcase classname="com.cognizant.AppTest" name="sortCar18" time="0.001"/>
  <testcase classname="com.cognizant.AppTest" name="sortCar19" time="0"/>
  <testcase classname="com.cognizant.AppTest" name="sortCar20" time="0"/>
  <testcase classname="com.cognizant.AppTest" name="sortCar21" time="0.001"/>
  <testcase classname="com.cognizant.AppTest" name="sortCar22" time="0"/>
  <testcase classname="com.cognizant.AppTest" name="sortCar23" time="0"/>
  <testcase classname="com.cognizant.AppTest" name="sortCar24" time="0"/>
  <testcase classname="com.cognizant.AppTest" name="sortCar25" time="0"/>
  <testcase classname="com.cognizant.AppTest" name="sortCar26" time="0"/>
  <testcase classname="com.cognizant.AppTest" name="outputFromExcel1" time="0.411"/>
  <testcase classname="com.cognizant.AppTest" name="outputFromExcel2" time="0.47"/>
</testsuite>