<?xml version="1.0" encoding="UTF-8"?>
<!-- Generated by org.testng.reporters.JUnitXMLReporter -->
<testsuite ignored="0" hostname="INSPIRON7560" failures="0" tests="3" name="Bikes" time="14.973" errors="0" timestamp="2020-10-30T17:55:23 IST">
  <testcase classname="com.cognizant.Bike1" name="newBikes" time="4.251"/>
  <testcase classname="com.cognizant.Bike1" name="hondaBikes" time="8.525"/>
  <testcase classname="com.cognizant.Bike1" name="selectDetails" time="2.182"/>
</testsuite> <!-- Bikes -->
