<?xml version="1.0" encoding="UTF-8"?>
<!-- Generated by org.testng.reporters.JUnitXMLReporter -->
<testsuite ignored="0" hostname="INSPIRON7560" failures="0" tests="4" name="Cars" time="38.261" errors="0" timestamp="2020-10-30T17:06:19 IST">
  <testcase classname="com.cognizant.usedCars1" name="usedC" time="38.24"/>
  <testcase classname="com.cognizant.usedCars1" name="sortCar1" time="0.003"/>
  <testcase classname="com.cognizant.usedCars1" name="sortCar2" time="0.002"/>
  <testcase classname="com.cognizant.usedCars1" name="sortCar3" time="0.001"/>
</testsuite> <!-- Cars -->
