<?xml version="1.0" encoding="UTF-8"?>
<!-- Generated by org.testng.reporters.JUnitXMLReporter -->
<testsuite ignored="0" hostname="INSPIRON7560" failures="1" tests="5" name="Testing TestNG" time="83.591" errors="0" timestamp="2020-10-29T19:38:05 IST">
  <testcase classname="com.cognizant.Zigwheels" name="newBikes" time="1.962"/>
  <testcase classname="com.cognizant.Zigwheels" name="hondaBikes" time="13.69"/>
  <testcase classname="com.cognizant.Zigwheels" name="selectDetails" time="0.8"/>
  <testcase classname="com.cognizant.Zigwheels" name="usedC" time="45.952"/>
  <testcase classname="com.cognizant.UsedCars" name="usedC" time="0.001">
    <failure type="java.lang.NullPointerException" message="Cannot invoke &amp;quot;org.openqa.selenium.WebDriver.findElement(org.openqa.selenium.By)&amp;quot; because &amp;quot;this.driver&amp;quot; is null">
      <![CDATA[java.lang.NullPointerException: Cannot invoke "org.openqa.selenium.WebDriver.findElement(org.openqa.selenium.By)" because "this.driver" is null
at com.cognizant.UsedCars.usedC(UsedCars.java:91)
at java.base/java.util.ArrayList.forEach(ArrayList.java:1511)
... Removed 27 stack frames]]>
    </failure>
  </testcase> <!-- usedC -->
</testsuite> <!-- Testing TestNG -->
